2022-03-10 14:39:14.359 ERROR 11200 --- [http-nio-80-exec-1] c.s.S.exception.ExceptionAdviceHandler   : 服务器错误...
org.springframework.web.HttpRequestMethodNotSupportedException: Request method 'GET' not supported
2022-03-10 14:41:33.748 ERROR 1948 --- [http-nio-80-exec-1] c.s.S.exception.ExceptionAdviceHandler   : 服务器错误...
com.sq.SYTreeHole.exception.PowerException: 权限不足
2022-03-10 14:41:58.940 ERROR 15976 --- [http-nio-80-exec-1] c.s.S.exception.ExceptionAdviceHandler   : 服务器错误...
com.sq.SYTreeHole.exception.PowerException: 权限不足
2022-03-10 14:42:00.258 ERROR 15976 --- [http-nio-80-exec-2] c.s.S.exception.ExceptionAdviceHandler   : 服务器错误...
com.sq.SYTreeHole.exception.PowerException: 权限不足
2022-03-10 14:42:00.782 ERROR 15976 --- [http-nio-80-exec-3] c.s.S.exception.ExceptionAdviceHandler   : 服务器错误...
com.sq.SYTreeHole.exception.PowerException: 权限不足
2022-03-10 14:42:01.298 ERROR 15976 --- [http-nio-80-exec-4] c.s.S.exception.ExceptionAdviceHandler   : 服务器错误...
com.sq.SYTreeHole.exception.PowerException: 权限不足
2022-03-10 15:09:25.385 ERROR 9560 --- [http-nio-80-exec-1] c.s.S.exception.ExceptionAdviceHandler   : 服务器错误...
com.sq.SYTreeHole.exception.PowerException: 权限不足
2022-03-10 15:09:48.842 ERROR 2720 --- [http-nio-80-exec-1] c.s.S.exception.ExceptionAdviceHandler   : 参数异常...
java.lang.IllegalArgumentException: Null key returned for cache operation (maybe you are using named params on classes without debug info?) Builder[public java.util.List com.sq.SYTreeHole.service.Impl.PublishServiceImpl.PublishManagementServiceImpl.selectMy(java.lang.String,java.lang.String)] caches=[myPublishes] | key='#userId' | keyGenerator='' | cacheManager='' | cacheResolver='' | condition='' | unless='' | sync='false'
2022-03-10 15:30:04.396 ERROR 17888 --- [http-nio-80-exec-4] c.s.S.exception.ExceptionAdviceHandler   : 参数异常...
com.sq.SYTreeHole.exception.ManagementPublishControllerException: 空参异常
2022-03-10 15:30:48.532 ERROR 17888 --- [http-nio-80-exec-6] c.s.S.exception.ExceptionAdviceHandler   : 参数异常...
java.lang.ClassCastException: class java.lang.Boolean cannot be cast to class java.util.List (java.lang.Boolean and java.util.List are in module java.base of loader 'bootstrap')
2022-03-10 15:31:00.873 ERROR 17888 --- [http-nio-80-exec-7] c.s.S.exception.ExceptionAdviceHandler   : 参数异常...
java.lang.ClassCastException: class java.lang.Boolean cannot be cast to class java.util.List (java.lang.Boolean and java.util.List are in module java.base of loader 'bootstrap')
2022-03-10 15:38:11.733 ERROR 17888 --- [http-nio-80-exec-10] c.s.S.exception.ExceptionAdviceHandler   : 参数异常...
java.lang.IllegalArgumentException: Null key returned for cache operation (maybe you are using named params on classes without debug info?) Builder[public boolean com.sq.SYTreeHole.service.Impl.PublishServiceImpl.PublishManagementServiceImpl.delete(com.sq.SYTreeHole.entity.Publish)] caches=[myPublishes] | key='#publish.userId' | keyGenerator='' | cacheManager='' | cacheResolver='' | condition='',false,true
2022-03-10 15:38:21.154 ERROR 17888 --- [http-nio-80-exec-1] c.s.S.exception.ExceptionAdviceHandler   : 参数异常...
java.lang.IllegalArgumentException: Null key returned for cache operation (maybe you are using named params on classes without debug info?) Builder[public boolean com.sq.SYTreeHole.service.Impl.PublishServiceImpl.PublishManagementServiceImpl.delete(com.sq.SYTreeHole.entity.Publish)] caches=[myPublishes] | key='#publish.userId' | keyGenerator='' | cacheManager='' | cacheResolver='' | condition='',false,true
2022-03-10 15:38:45.268 ERROR 17888 --- [http-nio-80-exec-2] c.s.S.exception.ExceptionAdviceHandler   : 参数异常...
java.lang.IllegalArgumentException: Null key returned for cache operation (maybe you are using named params on classes without debug info?) Builder[public java.util.List com.sq.SYTreeHole.service.Impl.PublishServiceImpl.PublishManagementServiceImpl.selectMy(java.lang.String,java.lang.String)] caches=[myPublishes] | key='#userId' | keyGenerator='' | cacheManager='' | cacheResolver='' | condition='' | unless='' | sync='false'
2022-03-10 15:39:41.416 ERROR 17888 --- [http-nio-80-exec-5] c.s.S.exception.ExceptionAdviceHandler   : 参数异常...
org.springframework.dao.DataIntegrityViolationException: 
### Error updating database.  Cause: com.mysql.cj.jdbc.exceptions.MysqlDataTruncation: Data truncation: Truncated incorrect DOUBLE value: '1?id=3'
### The error may exist in com/sq/SYTreeHole/dao/publishDao/PublishManagementMapper.java (best guess)
### The error may involve com.sq.SYTreeHole.dao.publishDao.PublishManagementMapper.delete-Inline
### The error occurred while setting parameters
### SQL: UPDATE th_publish SET is_delete=1   WHERE  user_id=?             AND is_delete=0  AND (id = ? AND user_id = ?)
### Cause: com.mysql.cj.jdbc.exceptions.MysqlDataTruncation: Data truncation: Truncated incorrect DOUBLE value: '1?id=3'
; Data truncation: Truncated incorrect DOUBLE value: '1?id=3'; nested exception is com.mysql.cj.jdbc.exceptions.MysqlDataTruncation: Data truncation: Truncated incorrect DOUBLE value: '1?id=3'
2022-03-10 15:40:11.218 ERROR 17888 --- [http-nio-80-exec-7] c.s.S.exception.ExceptionAdviceHandler   : 参数异常...
java.lang.IllegalArgumentException: Null key returned for cache operation (maybe you are using named params on classes without debug info?) Builder[public java.util.List com.sq.SYTreeHole.service.Impl.PublishServiceImpl.PublishManagementServiceImpl.selectMy(java.lang.String,java.lang.String)] caches=[myPublishes] | key='#userId' | keyGenerator='' | cacheManager='' | cacheResolver='' | condition='' | unless='' | sync='false'
2022-03-10 15:41:10.705 ERROR 17888 --- [http-nio-80-exec-1] c.s.S.exception.ExceptionAdviceHandler   : 参数异常...
com.sq.SYTreeHole.exception.ManagementPublishControllerException: 服务器异常删除失败
2022-03-10 15:41:28.211 ERROR 17888 --- [http-nio-80-exec-2] c.s.S.exception.ExceptionAdviceHandler   : 参数异常...
java.lang.IllegalArgumentException: Null key returned for cache operation (maybe you are using named params on classes without debug info?) Builder[public java.util.List com.sq.SYTreeHole.service.Impl.PublishServiceImpl.PublishManagementServiceImpl.selectMy(java.lang.String,java.lang.String)] caches=[myPublishes] | key='#userId' | keyGenerator='' | cacheManager='' | cacheResolver='' | condition='' | unless='' | sync='false'
2022-03-10 15:41:44.009 ERROR 17888 --- [http-nio-80-exec-6] c.s.S.exception.ExceptionAdviceHandler   : 参数异常...
java.lang.IllegalArgumentException: Null key returned for cache operation (maybe you are using named params on classes without debug info?) Builder[public java.util.List com.sq.SYTreeHole.service.Impl.PublishServiceImpl.PublishManagementServiceImpl.selectMy(java.lang.String,java.lang.String)] caches=[myPublishes] | key='#userId' | keyGenerator='' | cacheManager='' | cacheResolver='' | condition='' | unless='' | sync='false'
2022-03-10 15:44:13.701 ERROR 16324 --- [http-nio-80-exec-5] c.s.S.exception.ExceptionAdviceHandler   : 参数异常...
com.sq.SYTreeHole.exception.ManagementPublishControllerException: 空参异常
2022-03-10 15:50:19.994 ERROR 12168 --- [http-nio-80-exec-5] c.s.S.exception.ExceptionAdviceHandler   : 参数异常...
com.sq.SYTreeHole.exception.ManagementPublishControllerException: 空参异常
2022-03-10 15:52:26.422 ERROR 19264 --- [http-nio-80-exec-5] c.s.S.exception.ExceptionAdviceHandler   : 参数异常...
org.mybatis.spring.MyBatisSystemException: nested exception is org.apache.ibatis.exceptions.PersistenceException: 
### Error updating database.  Cause: com.baomidou.mybatisplus.core.exceptions.MybatisPlusException: Failed to process, Error SQL: UPDATE th_publish    
 WHERE id=?
 AND user_id=?

 AND text=?









 AND is_delete=0

AND (id = ? AND user_id = ?)
### The error may exist in com/sq/SYTreeHole/dao/publishDao/PublishManagementMapper.java (best guess)
### The error may involve com.sq.SYTreeHole.dao.publishDao.PublishManagementMapper.update
### The error occurred while executing an update
### Cause: com.baomidou.mybatisplus.core.exceptions.MybatisPlusException: Failed to process, Error SQL: UPDATE th_publish    
 WHERE id=?
 AND user_id=?

 AND text=?









 AND is_delete=0

AND (id = ? AND user_id = ?)
2022-03-10 15:52:43.306 ERROR 19264 --- [http-nio-80-exec-9] c.s.S.exception.ExceptionAdviceHandler   : 参数异常...
org.mybatis.spring.MyBatisSystemException: nested exception is org.apache.ibatis.exceptions.PersistenceException: 
### Error updating database.  Cause: com.baomidou.mybatisplus.core.exceptions.MybatisPlusException: Failed to process, Error SQL: UPDATE th_publish    
 WHERE id=?
 AND user_id=?
 AND title=?
 AND text=?









 AND is_delete=0

AND (id = ? AND user_id = ?)
### The error may exist in com/sq/SYTreeHole/dao/publishDao/PublishManagementMapper.java (best guess)
### The error may involve com.sq.SYTreeHole.dao.publishDao.PublishManagementMapper.update
### The error occurred while executing an update
### Cause: com.baomidou.mybatisplus.core.exceptions.MybatisPlusException: Failed to process, Error SQL: UPDATE th_publish    
 WHERE id=?
 AND user_id=?
 AND title=?
 AND text=?









 AND is_delete=0

AND (id = ? AND user_id = ?)
2022-03-10 15:56:45.182 ERROR 19908 --- [http-nio-80-exec-4] c.s.S.exception.ExceptionAdviceHandler   : 参数异常...
org.mybatis.spring.MyBatisSystemException: nested exception is org.apache.ibatis.exceptions.PersistenceException: 
### Error updating database.  Cause: com.baomidou.mybatisplus.core.exceptions.MybatisPlusException: Failed to process, Error SQL: UPDATE th_publish    
 WHERE id=?
 AND user_id=?
 AND title=?
 AND text=?









 AND is_delete=0

AND (id = ? AND user_id = ?)
### The error may exist in com/sq/SYTreeHole/dao/publishDao/PublishManagementMapper.java (best guess)
### The error may involve com.sq.SYTreeHole.dao.publishDao.PublishManagementMapper.update
### The error occurred while executing an update
### Cause: com.baomidou.mybatisplus.core.exceptions.MybatisPlusException: Failed to process, Error SQL: UPDATE th_publish    
 WHERE id=?
 AND user_id=?
 AND title=?
 AND text=?









 AND is_delete=0

AND (id = ? AND user_id = ?)
2022-03-10 16:01:32.065 ERROR 19552 --- [http-nio-80-exec-2] c.s.S.exception.ExceptionAdviceHandler   : 参数异常...
com.sq.SYTreeHole.exception.ManagementPublishControllerException: 系统错误...
2022-03-10 16:03:28.379 ERROR 19552 --- [http-nio-80-exec-7] c.s.S.exception.ExceptionAdviceHandler   : 参数异常...
java.lang.ClassCastException: class com.sq.SYTreeHole.entity.Publish cannot be cast to class java.util.List (com.sq.SYTreeHole.entity.Publish is in unnamed module of loader 'app'; java.util.List is in module java.base of loader 'bootstrap')
2022-03-10 16:06:05.171 ERROR 19932 --- [http-nio-80-exec-1] c.s.S.exception.ExceptionAdviceHandler   : 参数异常...
com.sq.SYTreeHole.exception.ManagementPublishControllerException: 系统错误...
